{"E:\\Documentos\\Projetos_programação\\POS_GRADUACAO\\FIAP\\Projeto3 Fiap\\backend\\post-service\\src\\app.ts": {"path":"E:\\Documentos\\Projetos_programação\\POS_GRADUACAO\\FIAP\\Projeto3 Fiap\\backend\\post-service\\src\\app.ts","statementMap":{"0":{"start":{"line":1,"column":0},"end":{"line":1,"column":23}},"1":{"start":{"line":2,"column":0},"end":{"line":2,"column":30}},"2":{"start":{"line":3,"column":0},"end":{"line":3,"column":28}},"3":{"start":{"line":4,"column":0},"end":{"line":4,"column":24}},"4":{"start":{"line":5,"column":0},"end":{"line":5,"column":30}},"5":{"start":{"line":6,"column":0},"end":{"line":6,"column":41}},"6":{"start":{"line":8,"column":12},"end":{"line":8,"column":21}},"7":{"start":{"line":10,"column":0},"end":{"line":10,"column":18}},"8":{"start":{"line":12,"column":0},"end":{"line":19,"column":2}},"9":{"start":{"line":21,"column":0},"end":{"line":21,"column":24}},"10":{"start":{"line":23,"column":0},"end":{"line":23,"column":24}},"11":{"start":{"line":26,"column":0},"end":{"line":26,"column":18}},"12":{"start":{"line":28,"column":0},"end":{"line":28,"column":19}}},"fnMap":{},"branchMap":{},"s":{"0":1,"1":1,"2":1,"3":1,"4":1,"5":1,"6":1,"7":1,"8":1,"9":1,"10":1,"11":1,"12":1},"f":{},"b":{}}
,"E:\\Documentos\\Projetos_programação\\POS_GRADUACAO\\FIAP\\Projeto3 Fiap\\backend\\post-service\\src\\swagger.ts": {"path":"E:\\Documentos\\Projetos_programação\\POS_GRADUACAO\\FIAP\\Projeto3 Fiap\\backend\\post-service\\src\\swagger.ts","statementMap":{"0":{"start":{"line":19,"column":0},"end":{"line":19,"column":16}},"1":{"start":{"line":1,"column":0},"end":{"line":1,"column":41}},"2":{"start":{"line":2,"column":0},"end":{"line":2,"column":43}},"3":{"start":{"line":5,"column":16},"end":{"line":15,"column":2}},"4":{"start":{"line":17,"column":14},"end":{"line":17,"column":35}},"5":{"start":{"line":20,"column":2},"end":{"line":20,"column":60}}},"fnMap":{"0":{"name":"setupSwagger","decl":{"start":{"line":19,"column":16},"end":{"line":19,"column":28}},"loc":{"start":{"line":19,"column":41},"end":{"line":21,"column":1}}}},"branchMap":{},"s":{"0":1,"1":1,"2":1,"3":1,"4":1,"5":1},"f":{"0":1},"b":{}}
,"E:\\Documentos\\Projetos_programação\\POS_GRADUACAO\\FIAP\\Projeto3 Fiap\\backend\\post-service\\src\\controllers\\PostsController.ts": {"path":"E:\\Documentos\\Projetos_programação\\POS_GRADUACAO\\FIAP\\Projeto3 Fiap\\backend\\post-service\\src\\controllers\\PostsController.ts","statementMap":{"0":{"start":{"line":2,"column":0},"end":{"line":2,"column":51}},"1":{"start":{"line":3,"column":0},"end":{"line":3,"column":60}},"2":{"start":{"line":10,"column":18},"end":{"line":10,"column":45}},"3":{"start":{"line":11,"column":4},"end":{"line":11,"column":27}},"4":{"start":{"line":15,"column":15},"end":{"line":15,"column":36}},"5":{"start":{"line":16,"column":17},"end":{"line":16,"column":47}},"6":{"start":{"line":17,"column":4},"end":{"line":17,"column":26}},"7":{"start":{"line":21,"column":23},"end":{"line":21,"column":44}},"8":{"start":{"line":23,"column":31},"end":{"line":23,"column":39}},"9":{"start":{"line":24,"column":20},"end":{"line":24,"column":74}},"10":{"start":{"line":25,"column":4},"end":{"line":25,"column":41}},"11":{"start":{"line":29,"column":15},"end":{"line":29,"column":36}},"12":{"start":{"line":30,"column":41},"end":{"line":30,"column":49}},"13":{"start":{"line":32,"column":20},"end":{"line":32,"column":78}},"14":{"start":{"line":33,"column":4},"end":{"line":33,"column":29}},"15":{"start":{"line":37,"column":15},"end":{"line":37,"column":36}},"16":{"start":{"line":38,"column":20},"end":{"line":38,"column":49}},"17":{"start":{"line":39,"column":4},"end":{"line":39,"column":29}},"18":{"start":{"line":44,"column":16},"end":{"line":44,"column":25}},"19":{"start":{"line":46,"column":2},"end":{"line":48,"column":3}},"20":{"start":{"line":47,"column":4},"end":{"line":47,"column":72}},"21":{"start":{"line":50,"column":16},"end":{"line":50,"column":52}},"22":{"start":{"line":52,"column":2},"end":{"line":52,"column":25}},"23":{"start":{"line":55,"column":21},"end":{"line":55,"column":50}},"24":{"start":{"line":56,"column":18},"end":{"line":56,"column":60}},"25":{"start":{"line":57,"column":4},"end":{"line":57,"column":27}},"26":{"start":{"line":61,"column":0},"end":{"line":61,"column":37}}},"fnMap":{"0":{"name":"(anonymous_1)","decl":{"start":{"line":9,"column":2},"end":{"line":9,"column":7}},"loc":{"start":{"line":9,"column":43},"end":{"line":12,"column":3}}},"1":{"name":"(anonymous_2)","decl":{"start":{"line":14,"column":2},"end":{"line":14,"column":7}},"loc":{"start":{"line":14,"column":43},"end":{"line":18,"column":3}}},"2":{"name":"(anonymous_3)","decl":{"start":{"line":20,"column":2},"end":{"line":20,"column":7}},"loc":{"start":{"line":20,"column":42},"end":{"line":26,"column":3}}},"3":{"name":"(anonymous_4)","decl":{"start":{"line":28,"column":2},"end":{"line":28,"column":7}},"loc":{"start":{"line":28,"column":42},"end":{"line":34,"column":3}}},"4":{"name":"(anonymous_5)","decl":{"start":{"line":36,"column":2},"end":{"line":36,"column":7}},"loc":{"start":{"line":36,"column":42},"end":{"line":40,"column":3}}},"5":{"name":"(anonymous_6)","decl":{"start":{"line":43,"column":0},"end":{"line":43,"column":5}},"loc":{"start":{"line":43,"column":40},"end":{"line":53,"column":1}}},"6":{"name":"(anonymous_7)","decl":{"start":{"line":54,"column":2},"end":{"line":54,"column":7}},"loc":{"start":{"line":54,"column":46},"end":{"line":59,"column":1}}}},"branchMap":{"0":{"loc":{"start":{"line":46,"column":2},"end":{"line":48,"column":3}},"type":"if","locations":[{"start":{"line":46,"column":2},"end":{"line":48,"column":3}},{"start":{},"end":{}}]}},"s":{"0":1,"1":1,"2":1,"3":1,"4":0,"5":0,"6":0,"7":1,"8":1,"9":1,"10":1,"11":0,"12":0,"13":0,"14":0,"15":0,"16":0,"17":0,"18":0,"19":0,"20":0,"21":0,"22":0,"23":0,"24":0,"25":0,"26":1},"f":{"0":1,"1":0,"2":1,"3":0,"4":0,"5":0,"6":0},"b":{"0":[0,0]}}
,"E:\\Documentos\\Projetos_programação\\POS_GRADUACAO\\FIAP\\Projeto3 Fiap\\backend\\post-service\\src\\controllers\\UserController.ts": {"path":"E:\\Documentos\\Projetos_programação\\POS_GRADUACAO\\FIAP\\Projeto3 Fiap\\backend\\post-service\\src\\controllers\\UserController.ts","statementMap":{"0":{"start":{"line":2,"column":0},"end":{"line":2,"column":50}},"1":{"start":{"line":7,"column":18},"end":{"line":7,"column":45}},"2":{"start":{"line":8,"column":4},"end":{"line":8,"column":27}},"3":{"start":{"line":12,"column":13},"end":{"line":12,"column":36}},"4":{"start":{"line":13,"column":17},"end":{"line":13,"column":47}},"5":{"start":{"line":14,"column":4},"end":{"line":14,"column":26}},"6":{"start":{"line":18,"column":18},"end":{"line":18,"column":44}},"7":{"start":{"line":19,"column":17},"end":{"line":19,"column":53}},"8":{"start":{"line":20,"column":4},"end":{"line":20,"column":26}},"9":{"start":{"line":25,"column":4},"end":{"line":37,"column":5}},"10":{"start":{"line":26,"column":40},"end":{"line":26,"column":48}},"11":{"start":{"line":28,"column":19},"end":{"line":32,"column":8}},"12":{"start":{"line":34,"column":6},"end":{"line":34,"column":40}},"13":{"start":{"line":36,"column":6},"end":{"line":36,"column":89}},"14":{"start":{"line":41,"column":13},"end":{"line":41,"column":36}},"15":{"start":{"line":43,"column":20},"end":{"line":43,"column":49}},"16":{"start":{"line":44,"column":4},"end":{"line":44,"column":29}},"17":{"start":{"line":48,"column":2},"end":{"line":57,"column":3}},"18":{"start":{"line":49,"column":15},"end":{"line":49,"column":38}},"19":{"start":{"line":50,"column":17},"end":{"line":50,"column":25}},"20":{"start":{"line":52,"column":24},"end":{"line":52,"column":59}},"21":{"start":{"line":54,"column":4},"end":{"line":54,"column":45}},"22":{"start":{"line":56,"column":4},"end":{"line":56,"column":71}},"23":{"start":{"line":62,"column":2},"end":{"line":72,"column":3}},"24":{"start":{"line":63,"column":32},"end":{"line":63,"column":40}},"25":{"start":{"line":64,"column":4},"end":{"line":66,"column":5}},"26":{"start":{"line":65,"column":6},"end":{"line":65,"column":81}},"27":{"start":{"line":67,"column":19},"end":{"line":67,"column":60}},"28":{"start":{"line":68,"column":4},"end":{"line":68,"column":40}},"29":{"start":{"line":71,"column":4},"end":{"line":71,"column":87}},"30":{"start":{"line":76,"column":0},"end":{"line":76,"column":37}}},"fnMap":{"0":{"name":"(anonymous_1)","decl":{"start":{"line":6,"column":2},"end":{"line":6,"column":7}},"loc":{"start":{"line":6,"column":43},"end":{"line":9,"column":3}}},"1":{"name":"(anonymous_2)","decl":{"start":{"line":11,"column":2},"end":{"line":11,"column":7}},"loc":{"start":{"line":11,"column":43},"end":{"line":15,"column":3}}},"2":{"name":"(anonymous_3)","decl":{"start":{"line":17,"column":2},"end":{"line":17,"column":7}},"loc":{"start":{"line":17,"column":46},"end":{"line":21,"column":3}}},"3":{"name":"(anonymous_4)","decl":{"start":{"line":24,"column":2},"end":{"line":24,"column":7}},"loc":{"start":{"line":24,"column":42},"end":{"line":38,"column":3}}},"4":{"name":"(anonymous_5)","decl":{"start":{"line":40,"column":2},"end":{"line":40,"column":7}},"loc":{"start":{"line":40,"column":42},"end":{"line":45,"column":3}}},"5":{"name":"(anonymous_6)","decl":{"start":{"line":47,"column":0},"end":{"line":47,"column":5}},"loc":{"start":{"line":47,"column":40},"end":{"line":58,"column":1}}},"6":{"name":"(anonymous_7)","decl":{"start":{"line":61,"column":0},"end":{"line":61,"column":5}},"loc":{"start":{"line":61,"column":39},"end":{"line":74,"column":1}}}},"branchMap":{"0":{"loc":{"start":{"line":36,"column":45},"end":{"line":36,"column":85}},"type":"binary-expr","locations":[{"start":{"line":36,"column":45},"end":{"line":36,"column":58}},{"start":{"line":36,"column":62},"end":{"line":36,"column":85}}]},"1":{"loc":{"start":{"line":64,"column":4},"end":{"line":66,"column":5}},"type":"if","locations":[{"start":{"line":64,"column":4},"end":{"line":66,"column":5}},{"start":{},"end":{}}]},"2":{"loc":{"start":{"line":64,"column":8},"end":{"line":64,"column":27}},"type":"binary-expr","locations":[{"start":{"line":64,"column":8},"end":{"line":64,"column":14}},{"start":{"line":64,"column":18},"end":{"line":64,"column":27}}]},"3":{"loc":{"start":{"line":71,"column":43},"end":{"line":71,"column":83}},"type":"binary-expr","locations":[{"start":{"line":71,"column":43},"end":{"line":71,"column":56}},{"start":{"line":71,"column":60},"end":{"line":71,"column":83}}]}},"s":{"0":1,"1":0,"2":0,"3":0,"4":0,"5":0,"6":0,"7":0,"8":0,"9":0,"10":0,"11":0,"12":0,"13":0,"14":0,"15":0,"16":0,"17":0,"18":0,"19":0,"20":0,"21":0,"22":0,"23":0,"24":0,"25":0,"26":0,"27":0,"28":0,"29":0,"30":1},"f":{"0":0,"1":0,"2":0,"3":0,"4":0,"5":0,"6":0},"b":{"0":[0,0],"1":[0,0],"2":[0,0],"3":[0,0]}}
,"E:\\Documentos\\Projetos_programação\\POS_GRADUACAO\\FIAP\\Projeto3 Fiap\\backend\\post-service\\src\\database\\prisma.ts": {"path":"E:\\Documentos\\Projetos_programação\\POS_GRADUACAO\\FIAP\\Projeto3 Fiap\\backend\\post-service\\src\\database\\prisma.ts","statementMap":{"0":{"start":{"line":1,"column":0},"end":{"line":1,"column":46}},"1":{"start":{"line":7,"column":15},"end":{"line":7,"column":50}},"2":{"start":{"line":9,"column":0},"end":{"line":11,"column":1}},"3":{"start":{"line":10,"column":2},"end":{"line":10,"column":25}},"4":{"start":{"line":13,"column":0},"end":{"line":13,"column":22}}},"fnMap":{},"branchMap":{"0":{"loc":{"start":{"line":7,"column":15},"end":{"line":7,"column":50}},"type":"binary-expr","locations":[{"start":{"line":7,"column":15},"end":{"line":7,"column":28}},{"start":{"line":7,"column":32},"end":{"line":7,"column":50}}]},"1":{"loc":{"start":{"line":9,"column":0},"end":{"line":11,"column":1}},"type":"if","locations":[{"start":{"line":9,"column":0},"end":{"line":11,"column":1}},{"start":{},"end":{}}]}},"s":{"0":1,"1":1,"2":1,"3":1,"4":1},"f":{},"b":{"0":[1,1],"1":[1,0]}}
,"E:\\Documentos\\Projetos_programação\\POS_GRADUACAO\\FIAP\\Projeto3 Fiap\\backend\\post-service\\src\\middlewares\\isAdmin.ts": {"path":"E:\\Documentos\\Projetos_programação\\POS_GRADUACAO\\FIAP\\Projeto3 Fiap\\backend\\post-service\\src\\middlewares\\isAdmin.ts","statementMap":{"0":{"start":{"line":4,"column":0},"end":{"line":4,"column":16}},"1":{"start":{"line":2,"column":0},"end":{"line":2,"column":30}},"2":{"start":{"line":6,"column":15},"end":{"line":6,"column":40}},"3":{"start":{"line":8,"column":2},"end":{"line":10,"column":3}},"4":{"start":{"line":9,"column":4},"end":{"line":9,"column":null}},"5":{"start":{"line":12,"column":16},"end":{"line":12,"column":34}},"6":{"start":{"line":14,"column":18},"end":{"line":14,"column":67}},"7":{"start":{"line":16,"column":2},"end":{"line":18,"column":3}},"8":{"start":{"line":17,"column":4},"end":{"line":17,"column":null}},"9":{"start":{"line":20,"column":2},"end":{"line":20,"column":null}}},"fnMap":{"0":{"name":"isAdmin","decl":{"start":{"line":4,"column":16},"end":{"line":4,"column":23}},"loc":{"start":{"line":4,"column":71},"end":{"line":21,"column":1}}}},"branchMap":{"0":{"loc":{"start":{"line":8,"column":2},"end":{"line":10,"column":3}},"type":"if","locations":[{"start":{"line":8,"column":2},"end":{"line":10,"column":3}},{"start":{},"end":{}}]},"1":{"loc":{"start":{"line":16,"column":2},"end":{"line":18,"column":3}},"type":"if","locations":[{"start":{"line":16,"column":2},"end":{"line":18,"column":3}},{"start":{},"end":{}}]}},"s":{"0":1,"1":1,"2":0,"3":0,"4":0,"5":0,"6":0,"7":0,"8":0,"9":0},"f":{"0":0},"b":{"0":[0,0],"1":[0,0]}}
,"E:\\Documentos\\Projetos_programação\\POS_GRADUACAO\\FIAP\\Projeto3 Fiap\\backend\\post-service\\src\\repositories\\UserRepository.ts": {"path":"E:\\Documentos\\Projetos_programação\\POS_GRADUACAO\\FIAP\\Projeto3 Fiap\\backend\\post-service\\src\\repositories\\UserRepository.ts","statementMap":{"0":{"start":{"line":1,"column":0},"end":{"line":1,"column":39}},"1":{"start":{"line":6,"column":8},"end":{"line":16,"column":11}},"2":{"start":{"line":20,"column":8},"end":{"line":28,"column":11}},"3":{"start":{"line":32,"column":8},"end":{"line":40,"column":11}},"4":{"start":{"line":43,"column":2},"end":{"line":45,"column":5}},"5":{"start":{"line":49,"column":8},"end":{"line":51,"column":11}},"6":{"start":{"line":55,"column":8},"end":{"line":58,"column":11}},"7":{"start":{"line":62,"column":8},"end":{"line":64,"column":11}},"8":{"start":{"line":69,"column":0},"end":{"line":69,"column":36}}},"fnMap":{"0":{"name":"(anonymous_1)","decl":{"start":{"line":5,"column":4},"end":{"line":5,"column":9}},"loc":{"start":{"line":5,"column":16},"end":{"line":17,"column":5}}},"1":{"name":"(anonymous_2)","decl":{"start":{"line":19,"column":4},"end":{"line":19,"column":9}},"loc":{"start":{"line":19,"column":28},"end":{"line":29,"column":5}}},"2":{"name":"(anonymous_3)","decl":{"start":{"line":31,"column":4},"end":{"line":31,"column":9}},"loc":{"start":{"line":31,"column":34},"end":{"line":41,"column":5}}},"3":{"name":"(anonymous_4)","decl":{"start":{"line":42,"column":4},"end":{"line":42,"column":9}},"loc":{"start":{"line":42,"column":46},"end":{"line":46,"column":1}}},"4":{"name":"(anonymous_5)","decl":{"start":{"line":48,"column":4},"end":{"line":48,"column":9}},"loc":{"start":{"line":48,"column":45},"end":{"line":52,"column":5}}},"5":{"name":"(anonymous_6)","decl":{"start":{"line":54,"column":4},"end":{"line":54,"column":9}},"loc":{"start":{"line":54,"column":57},"end":{"line":59,"column":5}}},"6":{"name":"(anonymous_7)","decl":{"start":{"line":61,"column":4},"end":{"line":61,"column":9}},"loc":{"start":{"line":61,"column":27},"end":{"line":65,"column":5}}}},"branchMap":{},"s":{"0":1,"1":0,"2":0,"3":0,"4":0,"5":0,"6":0,"7":0,"8":1},"f":{"0":0,"1":0,"2":0,"3":0,"4":0,"5":0,"6":0},"b":{}}
,"E:\\Documentos\\Projetos_programação\\POS_GRADUACAO\\FIAP\\Projeto3 Fiap\\backend\\post-service\\src\\routes\\index.ts": {"path":"E:\\Documentos\\Projetos_programação\\POS_GRADUACAO\\FIAP\\Projeto3 Fiap\\backend\\post-service\\src\\routes\\index.ts","statementMap":{"0":{"start":{"line":1,"column":0},"end":{"line":1,"column":33}},"1":{"start":{"line":2,"column":0},"end":{"line":2,"column":41}},"2":{"start":{"line":3,"column":0},"end":{"line":3,"column":48}},"3":{"start":{"line":4,"column":0},"end":{"line":4,"column":60}},"4":{"start":{"line":6,"column":0},"end":{"line":6,"column":48}},"5":{"start":{"line":11,"column":15},"end":{"line":11,"column":23}},"6":{"start":{"line":13,"column":0},"end":{"line":13,"column":34}},"7":{"start":{"line":14,"column":0},"end":{"line":14,"column":34}},"8":{"start":{"line":15,"column":0},"end":{"line":15,"column":60}},"9":{"start":{"line":16,"column":0},"end":{"line":16,"column":67}},"10":{"start":{"line":17,"column":0},"end":{"line":17,"column":64}},"11":{"start":{"line":19,"column":0},"end":{"line":19,"column":22}}},"fnMap":{},"branchMap":{},"s":{"0":1,"1":1,"2":1,"3":1,"4":1,"5":1,"6":1,"7":1,"8":1,"9":1,"10":1,"11":1},"f":{},"b":{}}
,"E:\\Documentos\\Projetos_programação\\POS_GRADUACAO\\FIAP\\Projeto3 Fiap\\backend\\post-service\\src\\routes\\posts.routes.ts": {"path":"E:\\Documentos\\Projetos_programação\\POS_GRADUACAO\\FIAP\\Projeto3 Fiap\\backend\\post-service\\src\\routes\\posts.routes.ts","statementMap":{"0":{"start":{"line":1,"column":0},"end":{"line":1,"column":33}},"1":{"start":{"line":2,"column":0},"end":{"line":2,"column":60}},"2":{"start":{"line":4,"column":15},"end":{"line":4,"column":23}},"3":{"start":{"line":22,"column":0},"end":{"line":22,"column":46}},"4":{"start":{"line":65,"column":0},"end":{"line":65,"column":40}},"5":{"start":{"line":85,"column":0},"end":{"line":85,"column":44}},"6":{"start":{"line":111,"column":0},"end":{"line":111,"column":41}},"7":{"start":{"line":144,"column":0},"end":{"line":144,"column":43}},"8":{"start":{"line":164,"column":0},"end":{"line":164,"column":46}},"9":{"start":{"line":166,"column":0},"end":{"line":166,"column":60}},"10":{"start":{"line":186,"column":0},"end":{"line":186,"column":22}}},"fnMap":{},"branchMap":{},"s":{"0":1,"1":1,"2":1,"3":1,"4":1,"5":1,"6":1,"7":1,"8":1,"9":1,"10":1},"f":{},"b":{}}
,"E:\\Documentos\\Projetos_programação\\POS_GRADUACAO\\FIAP\\Projeto3 Fiap\\backend\\post-service\\src\\routes\\users.routes.ts": {"path":"E:\\Documentos\\Projetos_programação\\POS_GRADUACAO\\FIAP\\Projeto3 Fiap\\backend\\post-service\\src\\routes\\users.routes.ts","statementMap":{"0":{"start":{"line":1,"column":0},"end":{"line":1,"column":33}},"1":{"start":{"line":2,"column":0},"end":{"line":2,"column":58}},"2":{"start":{"line":4,"column":15},"end":{"line":4,"column":23}},"3":{"start":{"line":62,"column":0},"end":{"line":62,"column":44}},"4":{"start":{"line":65,"column":0},"end":{"line":65,"column":40}},"5":{"start":{"line":98,"column":0},"end":{"line":98,"column":39}},"6":{"start":{"line":118,"column":0},"end":{"line":118,"column":43}},"7":{"start":{"line":145,"column":0},"end":{"line":145,"column":55}},"8":{"start":{"line":172,"column":0},"end":{"line":172,"column":42}},"9":{"start":{"line":192,"column":0},"end":{"line":192,"column":45}},"10":{"start":{"line":196,"column":0},"end":{"line":196,"column":22}}},"fnMap":{},"branchMap":{},"s":{"0":1,"1":1,"2":1,"3":1,"4":1,"5":1,"6":1,"7":1,"8":1,"9":1,"10":1},"f":{},"b":{}}
,"E:\\Documentos\\Projetos_programação\\POS_GRADUACAO\\FIAP\\Projeto3 Fiap\\backend\\post-service\\src\\services\\PostsService.ts": {"path":"E:\\Documentos\\Projetos_programação\\POS_GRADUACAO\\FIAP\\Projeto3 Fiap\\backend\\post-service\\src\\services\\PostsService.ts","statementMap":{"0":{"start":{"line":1,"column":0},"end":{"line":1,"column":61}},"1":{"start":{"line":2,"column":0},"end":{"line":2,"column":54}},"2":{"start":{"line":4,"column":15},"end":{"line":4,"column":33}},"3":{"start":{"line":9,"column":4},"end":{"line":9,"column":36}},"4":{"start":{"line":13,"column":4},"end":{"line":13,"column":39}},"5":{"start":{"line":21,"column":39},"end":{"line":21,"column":43}},"6":{"start":{"line":23,"column":2},"end":{"line":29,"column":5}},"7":{"start":{"line":35,"column":39},"end":{"line":35,"column":43}},"8":{"start":{"line":37,"column":2},"end":{"line":43,"column":5}},"9":{"start":{"line":46,"column":4},"end":{"line":46,"column":38}},"10":{"start":{"line":50,"column":2},"end":{"line":70,"column":5}},"11":{"start":{"line":73,"column":4},"end":{"line":73,"column":51}},"12":{"start":{"line":77,"column":0},"end":{"line":77,"column":34}}},"fnMap":{"0":{"name":"(anonymous_1)","decl":{"start":{"line":8,"column":2},"end":{"line":8,"column":7}},"loc":{"start":{"line":8,"column":14},"end":{"line":10,"column":3}}},"1":{"name":"(anonymous_2)","decl":{"start":{"line":12,"column":2},"end":{"line":12,"column":7}},"loc":{"start":{"line":12,"column":26},"end":{"line":14,"column":3}}},"2":{"name":"(anonymous_3)","decl":{"start":{"line":16,"column":1},"end":{"line":16,"column":6}},"loc":{"start":{"line":20,"column":1},"end":{"line":30,"column":1}}},"3":{"name":"(anonymous_4)","decl":{"start":{"line":31,"column":2},"end":{"line":31,"column":7}},"loc":{"start":{"line":33,"column":63},"end":{"line":44,"column":1}}},"4":{"name":"(anonymous_5)","decl":{"start":{"line":45,"column":2},"end":{"line":45,"column":7}},"loc":{"start":{"line":45,"column":25},"end":{"line":47,"column":3}}},"5":{"name":"(anonymous_6)","decl":{"start":{"line":49,"column":0},"end":{"line":49,"column":5}},"loc":{"start":{"line":49,"column":22},"end":{"line":71,"column":1}}},"6":{"name":"(anonymous_7)","decl":{"start":{"line":72,"column":2},"end":{"line":72,"column":7}},"loc":{"start":{"line":72,"column":38},"end":{"line":74,"column":1}}}},"branchMap":{"0":{"loc":{"start":{"line":26,"column":12},"end":{"line":28,"column":17}},"type":"cond-expr","locations":[{"start":{"line":27,"column":8},"end":{"line":27,"column":37}},{"start":{"line":28,"column":8},"end":{"line":28,"column":17}}]},"1":{"loc":{"start":{"line":40,"column":12},"end":{"line":42,"column":17}},"type":"cond-expr","locations":[{"start":{"line":41,"column":8},"end":{"line":41,"column":37}},{"start":{"line":42,"column":8},"end":{"line":42,"column":17}}]}},"s":{"0":2,"1":2,"2":2,"3":2,"4":1,"5":2,"6":2,"7":1,"8":1,"9":1,"10":0,"11":0,"12":2},"f":{"0":2,"1":1,"2":2,"3":1,"4":1,"5":0,"6":0},"b":{"0":[1,1],"1":[0,1]}}
,"E:\\Documentos\\Projetos_programação\\POS_GRADUACAO\\FIAP\\Projeto3 Fiap\\backend\\post-service\\src\\services\\UserService.ts": {"path":"E:\\Documentos\\Projetos_programação\\POS_GRADUACAO\\FIAP\\Projeto3 Fiap\\backend\\post-service\\src\\services\\UserService.ts","statementMap":{"0":{"start":{"line":1,"column":0},"end":{"line":1,"column":60}},"1":{"start":{"line":2,"column":0},"end":{"line":2,"column":28}},"2":{"start":{"line":3,"column":0},"end":{"line":3,"column":31}},"3":{"start":{"line":7,"column":4},"end":{"line":7,"column":35}},"4":{"start":{"line":12,"column":8},"end":{"line":12,"column":42}},"5":{"start":{"line":16,"column":8},"end":{"line":16,"column":48}},"6":{"start":{"line":20,"column":26},"end":{"line":20,"column":69}},"7":{"start":{"line":21,"column":31},"end":{"line":21,"column":67}},"8":{"start":{"line":22,"column":8},"end":{"line":22,"column":39}},"9":{"start":{"line":23,"column":6},"end":{"line":25,"column":7}},"10":{"start":{"line":24,"column":8},"end":{"line":24,"column":40}},"11":{"start":{"line":27,"column":6},"end":{"line":30,"column":9}},"12":{"start":{"line":36,"column":6},"end":{"line":41,"column":7}},"13":{"start":{"line":37,"column":28},"end":{"line":37,"column":71}},"14":{"start":{"line":38,"column":8},"end":{"line":40,"column":9}},"15":{"start":{"line":39,"column":10},"end":{"line":39,"column":45}},"16":{"start":{"line":45,"column":8},"end":{"line":45,"column":41}},"17":{"start":{"line":49,"column":15},"end":{"line":49,"column":65}},"18":{"start":{"line":50,"column":0},"end":{"line":50,"column":27}},"19":{"start":{"line":51,"column":2},"end":{"line":51,"column":40}},"20":{"start":{"line":52,"column":2},"end":{"line":52,"column":43}},"21":{"start":{"line":53,"column":2},"end":{"line":53,"column":48}},"22":{"start":{"line":55,"column":2},"end":{"line":57,"column":3}},"23":{"start":{"line":56,"column":4},"end":{"line":56,"column":45}},"24":{"start":{"line":59,"column":24},"end":{"line":59,"column":69}},"25":{"start":{"line":60,"column":2},"end":{"line":60,"column":48}},"26":{"start":{"line":62,"column":2},"end":{"line":64,"column":3}},"27":{"start":{"line":63,"column":4},"end":{"line":63,"column":45}},"28":{"start":{"line":66,"column":16},"end":{"line":69,"column":null}},"29":{"start":{"line":72,"column":2},"end":{"line":80,"column":4}},"30":{"start":{"line":86,"column":0},"end":{"line":86,"column":34}}},"fnMap":{"0":{"name":"(anonymous_1)","decl":{"start":{"line":6,"column":2},"end":{"line":6,"column":7}},"loc":{"start":{"line":6,"column":14},"end":{"line":9,"column":3}}},"1":{"name":"(anonymous_2)","decl":{"start":{"line":11,"column":4},"end":{"line":11,"column":9}},"loc":{"start":{"line":11,"column":28},"end":{"line":13,"column":5}}},"2":{"name":"(anonymous_3)","decl":{"start":{"line":15,"column":4},"end":{"line":15,"column":9}},"loc":{"start":{"line":15,"column":34},"end":{"line":17,"column":5}}},"3":{"name":"(anonymous_4)","decl":{"start":{"line":19,"column":4},"end":{"line":19,"column":9}},"loc":{"start":{"line":19,"column":73},"end":{"line":33,"column":5}}},"4":{"name":"(anonymous_5)","decl":{"start":{"line":35,"column":4},"end":{"line":35,"column":9}},"loc":{"start":{"line":35,"column":87},"end":{"line":42,"column":5}}},"5":{"name":"(anonymous_6)","decl":{"start":{"line":44,"column":4},"end":{"line":44,"column":9}},"loc":{"start":{"line":44,"column":27},"end":{"line":46,"column":5}}},"6":{"name":"(anonymous_7)","decl":{"start":{"line":48,"column":4},"end":{"line":48,"column":9}},"loc":{"start":{"line":48,"column":47},"end":{"line":81,"column":1}}}},"branchMap":{"0":{"loc":{"start":{"line":23,"column":6},"end":{"line":25,"column":7}},"type":"if","locations":[{"start":{"line":23,"column":6},"end":{"line":25,"column":7}},{"start":{},"end":{}}]},"1":{"loc":{"start":{"line":36,"column":6},"end":{"line":41,"column":7}},"type":"if","locations":[{"start":{"line":36,"column":6},"end":{"line":41,"column":7}},{"start":{},"end":{}}]},"2":{"loc":{"start":{"line":38,"column":8},"end":{"line":40,"column":9}},"type":"if","locations":[{"start":{"line":38,"column":8},"end":{"line":40,"column":9}},{"start":{},"end":{}}]},"3":{"loc":{"start":{"line":38,"column":12},"end":{"line":38,"column":48}},"type":"binary-expr","locations":[{"start":{"line":38,"column":12},"end":{"line":38,"column":23}},{"start":{"line":38,"column":27},"end":{"line":38,"column":48}}]},"4":{"loc":{"start":{"line":55,"column":2},"end":{"line":57,"column":3}},"type":"if","locations":[{"start":{"line":55,"column":2},"end":{"line":57,"column":3}},{"start":{},"end":{}}]},"5":{"loc":{"start":{"line":62,"column":2},"end":{"line":64,"column":3}},"type":"if","locations":[{"start":{"line":62,"column":2},"end":{"line":64,"column":3}},{"start":{},"end":{}}]}},"s":{"0":1,"1":1,"2":1,"3":0,"4":0,"5":0,"6":0,"7":0,"8":0,"9":0,"10":0,"11":0,"12":0,"13":0,"14":0,"15":0,"16":0,"17":0,"18":0,"19":0,"20":0,"21":0,"22":0,"23":0,"24":0,"25":0,"26":0,"27":0,"28":0,"29":0,"30":1},"f":{"0":0,"1":0,"2":0,"3":0,"4":0,"5":0,"6":0},"b":{"0":[0,0],"1":[0,0],"2":[0,0],"3":[0,0],"4":[0,0],"5":[0,0]}}
}
